<?xml version="1.0" encoding="utf-8"?>
<shfbBuild product="Sandcastle Help File Builder" version="2014.5.31.0" projectFile="D:\Dobrin\TELERIK\07.HighQualityCode\15.Development Tools\15.Development Tools_HW\Task1UsingSandCastle\Guy.shfbproj" started="28.6.2014 г. 22:16:17">
<buildStep step="Initializing">
Finding tools...
The Sandcastle tools are located in &#39;C:\Program Files\EWSoftware\Sandcastle Help File Builder\&#39;
Searching for HTML Help 1 compiler...
Found HTML Help 1 compiler in &#39;C:\Program Files\HTML Help Workshop\&#39;
Locating components in the following folder(s):
   D:\Dobrin\TELERIK\07.HighQualityCode\15.Development Tools\15.Development Tools_HW\Task1UsingSandCastle
Using presentation style &#39;VS2013&#39; located in &#39;C:\Program Files\EWSoftware\Sandcastle Help File Builder\PresentationStyles\VS2013&#39;
Loading and initializing plug-ins...
Lightweight Website Style Version 2014.5.31.0
Copyright &#169; 2006-2014, Eric Woodruff, All Rights Reserved
Portions Copyright &#169; 2014, Sam Harwell, All Rights Reserved
</buildStep>
<buildStep step="ValidatingDocumentationSources">
Validating and copying documentation source information
Source: D:\Dobrin\TELERIK\07.HighQualityCode\15.Development Tools\15.Development Tools_HW\Task1UsingSandCastle\bin\Debug\Task1UsingSandCastle.dll
    Found assembly &#39;D:\Dobrin\TELERIK\07.HighQualityCode\15.Development Tools\15.Development Tools_HW\Task1UsingSandCastle\bin\Debug\Task1UsingSandCastle.dll&#39;

References to include (excluding framework assemblies):
    D:\Dobrin\TELERIK\07.HighQualityCode\15.Development Tools\15.Development Tools_HW\Task1UsingSandCastle\bin\Debug\Task1UsingSandCastle.dll
SHFB: Warning BE0062: No XML comments files found.  The help file will not contain any member comments.
</buildStep>
<buildStep step="GenerateSharedContent">
Generating shared content files (en-US, English (United States))...
<plugIn name="Lightweight Website Style" behavior="After" priority="1000">
</plugIn>    Last step completed in 00:00:00.0781
</buildStep>
<buildStep step="GenerateApiFilter">
Generating API filter for MRefBuilder...
    Last step completed in 00:00:00.0000
</buildStep>
<buildStep step="GenerateReflectionInfo">
Generating reflection information...
[C:\WINDOWS\Microsoft.NET\Framework\v4.0.30319\MSBuild.exe]
Build started 28.6.2014 Ј. 22:16:21.
Project &quot;D:\Dobrin\TELERIK\07.HighQualityCode\15.Development Tools\15.Development Tools_HW\Task1UsingSandCastle\Help\Working\GenerateRefInfo.proj&quot; on node 1 (default targets).
PrepareForBuild:
  Creating directory &quot;obj\Debug\&quot;.
GenerateRefInfo:
  MRefBuilder (v2014.5.31.0)
  Copyright c 2006-2014, Microsoft Corporation, All Rights Reserved.
  Portions Copyright c 2006-2014, Eric Woodruff, All Rights Reserved.
  Loaded 1 assemblies for reflection and 2 dependency assemblies.
  Wrote information on 1 namespaces, 1 types, and 7 members
  Copying file from &quot;reflection.org&quot; to &quot;reflection.all&quot;.
  XslTransform (v2014.5.31.0)
  Copyright c 2006-2014, Microsoft Corporation, All Rights Reserved.
  Portions Copyright c 2006-2014, Eric Woodruff, All Rights Reserved.
  Applying XSL transformation &#39;C:\Program Files\EWSoftware\Sandcastle Help File Builder\ProductionTransforms\MergeDuplicates.xsl&#39;.
Done Building Project &quot;D:\Dobrin\TELERIK\07.HighQualityCode\15.Development Tools\15.Development Tools_HW\Task1UsingSandCastle\Help\Working\GenerateRefInfo.proj&quot; (default targets).

Build succeeded.

Time Elapsed 00:00:09.04
    Last step completed in 00:00:10.0313
</buildStep>
<buildStep step="TransformReflectionInfo">
Transforming reflection output...
[C:\WINDOWS\Microsoft.NET\Framework\v4.0.30319\MSBuild.exe]
Build started 28.6.2014 Ј. 22:16:30.
Project &quot;D:\Dobrin\TELERIK\07.HighQualityCode\15.Development Tools\15.Development Tools_HW\Task1UsingSandCastle\Help\Working\TransformManifest.proj&quot; on node 1 (default targets).
TransformManifest:
  XslTransform (v2014.5.31.0)
  Copyright c 2006-2014, Microsoft Corporation, All Rights Reserved.
  Portions Copyright c 2006-2014, Eric Woodruff, All Rights Reserved.
  Applying XSL transformation &#39;C:\Program Files\EWSoftware\Sandcastle Help File Builder\\ProductionTransforms\ApplyVSDocModel.xsl&#39;.
  Copying file from &quot;reflection.xml&quot; to &quot;reflection.nofilenames&quot;.
  XslTransform (v2014.5.31.0)
  Copyright c 2006-2014, Microsoft Corporation, All Rights Reserved.
  Portions Copyright c 2006-2014, Eric Woodruff, All Rights Reserved.
  Applying XSL transformation &#39;C:\Program Files\EWSoftware\Sandcastle Help File Builder\ProductionTransforms\AddFilenames.xsl&#39;.
  XslTransform (v2014.5.31.0)
  Copyright c 2006-2014, Microsoft Corporation, All Rights Reserved.
  Portions Copyright c 2006-2014, Eric Woodruff, All Rights Reserved.
  Applying XSL transformation &#39;C:\Program Files\EWSoftware\Sandcastle Help File Builder\ProductionTransforms\ReflectionToManifest.xsl&#39;.
Done Building Project &quot;D:\Dobrin\TELERIK\07.HighQualityCode\15.Development Tools\15.Development Tools_HW\Task1UsingSandCastle\Help\Working\TransformManifest.proj&quot; (default targets).

Build succeeded.

Time Elapsed 00:00:06.54
    Last step completed in 00:00:06.9063
</buildStep>
<buildStep step="GenerateNamespaceSummaries">
Generating namespace summary information...
    Last step completed in 00:00:00.0313
</buildStep>
<buildStep step="CopyAdditionalContent">
Copying additional content files...
No additional content to copy
    Last step completed in 00:00:00.0000
</buildStep>
<buildStep step="MergeTablesOfContents">
Merging conceptual and additional tables of contents...
    Last step completed in 00:00:00.0000
</buildStep>
<buildStep step="GenerateIntermediateTableOfContents">
Generating intermediate table of contents file...
[C:\WINDOWS\Microsoft.NET\Framework\v4.0.30319\MSBuild.exe]
Build started 28.6.2014 Ј. 22:16:37.
Project &quot;D:\Dobrin\TELERIK\07.HighQualityCode\15.Development Tools\15.Development Tools_HW\Task1UsingSandCastle\Help\Working\GenerateIntermediateTOC.proj&quot; on node 1 (default targets).
GenerateIntermediateTOC:
  XslTransform (v2014.5.31.0)
  Copyright c 2006-2014, Microsoft Corporation, All Rights Reserved.
  Portions Copyright c 2006-2014, Eric Woodruff, All Rights Reserved.
  Applying XSL transformation &#39;C:\Program Files\EWSoftware\Sandcastle Help File Builder\\ProductionTransforms\CreateVSToc.xsl&#39;.
Done Building Project &quot;D:\Dobrin\TELERIK\07.HighQualityCode\15.Development Tools\15.Development Tools_HW\Task1UsingSandCastle\Help\Working\GenerateIntermediateTOC.proj&quot; (default targets).

Build succeeded.

Time Elapsed 00:00:00.46
Generating conceptual content intermediate TOC file...
    Last step completed in 00:00:00.7031
</buildStep>
<buildStep step="CreateBuildAssemblerConfigs">
Creating Sandcastle configuration files...
    sandcastle.config
    Last step completed in 00:00:02.4844
</buildStep>
<buildStep step="MergeCustomConfigs">
Merging custom build component configurations
D:\Dobrin\TELERIK\07.HighQualityCode\15.Development Tools\15.Development Tools_HW\Task1UsingSandCastle\Help\Working\sandcastle.config
    Last step completed in 00:00:00.1563
</buildStep>
<buildStep step="BuildReferenceTopics">
Building reference help topics...
[C:\WINDOWS\Microsoft.NET\Framework\v4.0.30319\MSBuild.exe]
Build started 28.6.2014 Ј. 22:16:41.
Project &quot;D:\Dobrin\TELERIK\07.HighQualityCode\15.Development Tools\15.Development Tools_HW\Task1UsingSandCastle\Help\Working\BuildReferenceTopics.proj&quot; on node 1 (default targets).
BuildReferenceTopics:
  BuildAssembler (v2014.5.31.0)
  Copyright c 2006-2014, Microsoft Corporation, All Rights Reserved.
  Portions Copyright c 2006-2014, Eric Woodruff, All Rights Reserved.
  Loading configuration...
  Processing topics...
BuildAssembler : warning : ShowMissingComponent: [N:Task1UsingSandCastle] Missing &lt;summary&gt; documentation [D:\Dobrin\TELERIK\07.HighQualityCode\15.Development Tools\15.Development Tools_HW\Task1UsingSandCastle\Help\Working\BuildReferenceTopics.proj]
BuildAssembler : warning : ShowMissingComponent: [T:Task1UsingSandCastle.Guy] Missing &lt;summary&gt; documentation [D:\Dobrin\TELERIK\07.HighQualityCode\15.Development Tools\15.Development Tools_HW\Task1UsingSandCastle\Help\Working\BuildReferenceTopics.proj]
BuildAssembler : warning : ShowMissingComponent: [M:Task1UsingSandCastle.Guy.#ctor(System.String,System.Int32,System.Int32)] Missing &lt;param name=&quot;name&quot;/&gt; documentation [D:\Dobrin\TELERIK\07.HighQualityCode\15.Development Tools\15.Development Tools_HW\Task1UsingSandCastle\Help\Working\BuildReferenceTopics.proj]
BuildAssembler : warning : ShowMissingComponent: [M:Task1UsingSandCastle.Guy.#ctor(System.String,System.Int32,System.Int32)] Missing &lt;param name=&quot;age&quot;/&gt; documentation [D:\Dobrin\TELERIK\07.HighQualityCode\15.Development Tools\15.Development Tools_HW\Task1UsingSandCastle\Help\Working\BuildReferenceTopics.proj]
BuildAssembler : warning : ShowMissingComponent: [M:Task1UsingSandCastle.Guy.#ctor(System.String,System.Int32,System.Int32)] Missing &lt;param name=&quot;cash&quot;/&gt; documentation [D:\Dobrin\TELERIK\07.HighQualityCode\15.Development Tools\15.Development Tools_HW\Task1UsingSandCastle\Help\Working\BuildReferenceTopics.proj]
BuildAssembler : warning : ShowMissingComponent: [P:Task1UsingSandCastle.Guy.Age] Missing &lt;summary&gt; documentation [D:\Dobrin\TELERIK\07.HighQualityCode\15.Development Tools\15.Development Tools_HW\Task1UsingSandCastle\Help\Working\BuildReferenceTopics.proj]
BuildAssembler : warning : ShowMissingComponent: [P:Task1UsingSandCastle.Guy.Cash] Missing &lt;summary&gt; documentation [D:\Dobrin\TELERIK\07.HighQualityCode\15.Development Tools\15.Development Tools_HW\Task1UsingSandCastle\Help\Working\BuildReferenceTopics.proj]
BuildAssembler : warning : ShowMissingComponent: [M:Task1UsingSandCastle.Guy.GiveCash(System.Int32)] Missing &lt;summary&gt; documentation [D:\Dobrin\TELERIK\07.HighQualityCode\15.Development Tools\15.Development Tools_HW\Task1UsingSandCastle\Help\Working\BuildReferenceTopics.proj]
BuildAssembler : warning : ShowMissingComponent: [M:Task1UsingSandCastle.Guy.GiveCash(System.Int32)] Missing &lt;returns&gt; documentation [D:\Dobrin\TELERIK\07.HighQualityCode\15.Development Tools\15.Development Tools_HW\Task1UsingSandCastle\Help\Working\BuildReferenceTopics.proj]
BuildAssembler : warning : ShowMissingComponent: [M:Task1UsingSandCastle.Guy.GiveCash(System.Int32)] Missing &lt;param name=&quot;amount&quot;/&gt; documentation [D:\Dobrin\TELERIK\07.HighQualityCode\15.Development Tools\15.Development Tools_HW\Task1UsingSandCastle\Help\Working\BuildReferenceTopics.proj]
BuildAssembler : warning : ShowMissingComponent: [P:Task1UsingSandCastle.Guy.Name] Missing &lt;summary&gt; documentation [D:\Dobrin\TELERIK\07.HighQualityCode\15.Development Tools\15.Development Tools_HW\Task1UsingSandCastle\Help\Working\BuildReferenceTopics.proj]
BuildAssembler : warning : ShowMissingComponent: [M:Task1UsingSandCastle.Guy.ReceiveCash(System.Int32)] Missing &lt;summary&gt; documentation [D:\Dobrin\TELERIK\07.HighQualityCode\15.Development Tools\15.Development Tools_HW\Task1UsingSandCastle\Help\Working\BuildReferenceTopics.proj]
BuildAssembler : warning : ShowMissingComponent: [M:Task1UsingSandCastle.Guy.ReceiveCash(System.Int32)] Missing &lt;returns&gt; documentation [D:\Dobrin\TELERIK\07.HighQualityCode\15.Development Tools\15.Development Tools_HW\Task1UsingSandCastle\Help\Working\BuildReferenceTopics.proj]
BuildAssembler : warning : ShowMissingComponent: [M:Task1UsingSandCastle.Guy.ReceiveCash(System.Int32)] Missing &lt;param name=&quot;amount&quot;/&gt; documentation [D:\Dobrin\TELERIK\07.HighQualityCode\15.Development Tools\15.Development Tools_HW\Task1UsingSandCastle\Help\Working\BuildReferenceTopics.proj]
BuildAssembler : warning : ShowMissingComponent: [M:Task1UsingSandCastle.Guy.ToString] Missing &lt;summary&gt; documentation [D:\Dobrin\TELERIK\07.HighQualityCode\15.Development Tools\15.Development Tools_HW\Task1UsingSandCastle\Help\Working\BuildReferenceTopics.proj]
BuildAssembler : warning : ShowMissingComponent: [M:Task1UsingSandCastle.Guy.ToString] Missing &lt;returns&gt; documentation [D:\Dobrin\TELERIK\07.HighQualityCode\15.Development Tools\15.Development Tools_HW\Task1UsingSandCastle\Help\Working\BuildReferenceTopics.proj]
  Processed 11 topic(s)
  16 warning(s)
  CopyFromIndexComponent: &quot;reflection&quot; in-memory cache entries used: 2 of 15.
  CopyFromIndexComponent: &quot;comments&quot; in-memory cache entries used: 3 of 30.
Done Building Project &quot;D:\Dobrin\TELERIK\07.HighQualityCode\15.Development Tools\15.Development Tools_HW\Task1UsingSandCastle\Help\Working\BuildReferenceTopics.proj&quot; (default targets).

Build succeeded.

Time Elapsed 00:03:17.45
    Last step completed in 00:03:17.6563
</buildStep>
<buildStep step="CombiningIntermediateTocFiles">
Combining conceptual and API intermediate TOC files...

Clearing any prior web output
    Last step completed in 00:00:00.7813
</buildStep>
<buildStep step="ExtractingHtmlInfo">
Extracting HTML info for HTML Help 1 and/or website...
[C:\WINDOWS\Microsoft.NET\Framework\v4.0.30319\MSBuild.exe]
Sandcastle Help File Builder, version 2014.5.31.0
Copyright c 2006-2014, Eric Woodruff, All Rights Reserved
E-Mail: Eric@EWoodruff.us

Using LCID &#39;1033&#39;, code page &#39;65001&#39;, encoding charset &#39;UTF-8&#39;.

Processing Help 1 files in D:\Dobrin\TELERIK\07.HighQualityCode\15.Development Tools\15.Development Tools_HW\Task1UsingSandCastle\Help\Working\Output\HtmlHelp1
Processed 11 HTML files
Sorting keywords and generating See Also indices
Saving HTML Help 1 keyword index to D:\Dobrin\TELERIK\07.HighQualityCode\15.Development Tools\15.Development Tools_HW\Task1UsingSandCastle\Help\Working\Documentation.hhk
Saving HTML Help 1 table of contents to D:\Dobrin\TELERIK\07.HighQualityCode\15.Development Tools\15.Development Tools_HW\Task1UsingSandCastle\Help\Working\Documentation.hhc

Processing website files in D:\Dobrin\TELERIK\07.HighQualityCode\15.Development Tools\15.Development Tools_HW\Task1UsingSandCastle\Help\Working\Output\Website
Processed 11 HTML files
Sorting keywords and generating See Also indices
Saving website keyword index to D:\Dobrin\TELERIK\07.HighQualityCode\15.Development Tools\15.Development Tools_HW\Task1UsingSandCastle\Help\Working\WebKI.xml
Saving website table of contents to D:\Dobrin\TELERIK\07.HighQualityCode\15.Development Tools\15.Development Tools_HW\Task1UsingSandCastle\Help\Working\WebTOC.xml
    Last step completed in 00:00:01.2188
</buildStep>
<buildStep step="CopyStandardHelpContent">
Copying standard help content...
C:\Program Files\EWSoftware\Sandcastle Help File Builder\PresentationStyles\VS2013\icons\AlertCaution.png -&gt; D:\Dobrin\TELERIK\07.HighQualityCode\15.Development Tools\15.Development Tools_HW\Task1UsingSandCastle\Help\Working\Output\HtmlHelp1\icons\AlertCaution.png
C:\Program Files\EWSoftware\Sandcastle Help File Builder\PresentationStyles\VS2013\icons\AlertNote.png -&gt; D:\Dobrin\TELERIK\07.HighQualityCode\15.Development Tools\15.Development Tools_HW\Task1UsingSandCastle\Help\Working\Output\HtmlHelp1\icons\AlertNote.png
C:\Program Files\EWSoftware\Sandcastle Help File Builder\PresentationStyles\VS2013\icons\AlertSecurity.png -&gt; D:\Dobrin\TELERIK\07.HighQualityCode\15.Development Tools\15.Development Tools_HW\Task1UsingSandCastle\Help\Working\Output\HtmlHelp1\icons\AlertSecurity.png
C:\Program Files\EWSoftware\Sandcastle Help File Builder\PresentationStyles\VS2013\icons\CFW.gif -&gt; D:\Dobrin\TELERIK\07.HighQualityCode\15.Development Tools\15.Development Tools_HW\Task1UsingSandCastle\Help\Working\Output\HtmlHelp1\icons\CFW.gif
C:\Program Files\EWSoftware\Sandcastle Help File Builder\PresentationStyles\VS2013\icons\CodeExample.png -&gt; D:\Dobrin\TELERIK\07.HighQualityCode\15.Development Tools\15.Development Tools_HW\Task1UsingSandCastle\Help\Working\Output\HtmlHelp1\icons\CodeExample.png
C:\Program Files\EWSoftware\Sandcastle Help File Builder\PresentationStyles\VS2013\icons\favicon.ico -&gt; D:\Dobrin\TELERIK\07.HighQualityCode\15.Development Tools\15.Development Tools_HW\Task1UsingSandCastle\Help\Working\Output\HtmlHelp1\icons\favicon.ico
C:\Program Files\EWSoftware\Sandcastle Help File Builder\PresentationStyles\VS2013\icons\privclass.gif -&gt; D:\Dobrin\TELERIK\07.HighQualityCode\15.Development Tools\15.Development Tools_HW\Task1UsingSandCastle\Help\Working\Output\HtmlHelp1\icons\privclass.gif
C:\Program Files\EWSoftware\Sandcastle Help File Builder\PresentationStyles\VS2013\icons\privdelegate.gif -&gt; D:\Dobrin\TELERIK\07.HighQualityCode\15.Development Tools\15.Development Tools_HW\Task1UsingSandCastle\Help\Working\Output\HtmlHelp1\icons\privdelegate.gif
C:\Program Files\EWSoftware\Sandcastle Help File Builder\PresentationStyles\VS2013\icons\privenumeration.gif -&gt; D:\Dobrin\TELERIK\07.HighQualityCode\15.Development Tools\15.Development Tools_HW\Task1UsingSandCastle\Help\Working\Output\HtmlHelp1\icons\privenumeration.gif
C:\Program Files\EWSoftware\Sandcastle Help File Builder\PresentationStyles\VS2013\icons\privevent.gif -&gt; D:\Dobrin\TELERIK\07.HighQualityCode\15.Development Tools\15.Development Tools_HW\Task1UsingSandCastle\Help\Working\Output\HtmlHelp1\icons\privevent.gif
C:\Program Files\EWSoftware\Sandcastle Help File Builder\PresentationStyles\VS2013\icons\privextension.gif -&gt; D:\Dobrin\TELERIK\07.HighQualityCode\15.Development Tools\15.Development Tools_HW\Task1UsingSandCastle\Help\Working\Output\HtmlHelp1\icons\privextension.gif
C:\Program Files\EWSoftware\Sandcastle Help File Builder\PresentationStyles\VS2013\icons\privfield.gif -&gt; D:\Dobrin\TELERIK\07.HighQualityCode\15.Development Tools\15.Development Tools_HW\Task1UsingSandCastle\Help\Working\Output\HtmlHelp1\icons\privfield.gif
C:\Program Files\EWSoftware\Sandcastle Help File Builder\PresentationStyles\VS2013\icons\privinterface.gif -&gt; D:\Dobrin\TELERIK\07.HighQualityCode\15.Development Tools\15.Development Tools_HW\Task1UsingSandCastle\Help\Working\Output\HtmlHelp1\icons\privinterface.gif
C:\Program Files\EWSoftware\Sandcastle Help File Builder\PresentationStyles\VS2013\icons\privmethod.gif -&gt; D:\Dobrin\TELERIK\07.HighQualityCode\15.Development Tools\15.Development Tools_HW\Task1UsingSandCastle\Help\Working\Output\HtmlHelp1\icons\privmethod.gif
C:\Program Files\EWSoftware\Sandcastle Help File Builder\PresentationStyles\VS2013\icons\privproperty.gif -&gt; D:\Dobrin\TELERIK\07.HighQualityCode\15.Development Tools\15.Development Tools_HW\Task1UsingSandCastle\Help\Working\Output\HtmlHelp1\icons\privproperty.gif
C:\Program Files\EWSoftware\Sandcastle Help File Builder\PresentationStyles\VS2013\icons\privstructure.gif -&gt; D:\Dobrin\TELERIK\07.HighQualityCode\15.Development Tools\15.Development Tools_HW\Task1UsingSandCastle\Help\Working\Output\HtmlHelp1\icons\privstructure.gif
C:\Program Files\EWSoftware\Sandcastle Help File Builder\PresentationStyles\VS2013\icons\protclass.gif -&gt; D:\Dobrin\TELERIK\07.HighQualityCode\15.Development Tools\15.Development Tools_HW\Task1UsingSandCastle\Help\Working\Output\HtmlHelp1\icons\protclass.gif
C:\Program Files\EWSoftware\Sandcastle Help File Builder\PresentationStyles\VS2013\icons\protdelegate.gif -&gt; D:\Dobrin\TELERIK\07.HighQualityCode\15.Development Tools\15.Development Tools_HW\Task1UsingSandCastle\Help\Working\Output\HtmlHelp1\icons\protdelegate.gif
C:\Program Files\EWSoftware\Sandcastle Help File Builder\PresentationStyles\VS2013\icons\protenumeration.gif -&gt; D:\Dobrin\TELERIK\07.HighQualityCode\15.Development Tools\15.Development Tools_HW\Task1UsingSandCastle\Help\Working\Output\HtmlHelp1\icons\protenumeration.gif
C:\Program Files\EWSoftware\Sandcastle Help File Builder\PresentationStyles\VS2013\icons\protevent.gif -&gt; D:\Dobrin\TELERIK\07.HighQualityCode\15.Development Tools\15.Development Tools_HW\Task1UsingSandCastle\Help\Working\Output\HtmlHelp1\icons\protevent.gif
C:\Program Files\EWSoftware\Sandcastle Help File Builder\PresentationStyles\VS2013\icons\protextension.gif -&gt; D:\Dobrin\TELERIK\07.HighQualityCode\15.Development Tools\15.Development Tools_HW\Task1UsingSandCastle\Help\Working\Output\HtmlHelp1\icons\protextension.gif
C:\Program Files\EWSoftware\Sandcastle Help File Builder\PresentationStyles\VS2013\icons\protfield.gif -&gt; D:\Dobrin\TELERIK\07.HighQualityCode\15.Development Tools\15.Development Tools_HW\Task1UsingSandCastle\Help\Working\Output\HtmlHelp1\icons\protfield.gif
C:\Program Files\EWSoftware\Sandcastle Help File Builder\PresentationStyles\VS2013\icons\protinterface.gif -&gt; D:\Dobrin\TELERIK\07.HighQualityCode\15.Development Tools\15.Development Tools_HW\Task1UsingSandCastle\Help\Working\Output\HtmlHelp1\icons\protinterface.gif
C:\Program Files\EWSoftware\Sandcastle Help File Builder\PresentationStyles\VS2013\icons\protmethod.gif -&gt; D:\Dobrin\TELERIK\07.HighQualityCode\15.Development Tools\15.Development Tools_HW\Task1UsingSandCastle\Help\Working\Output\HtmlHelp1\icons\protmethod.gif
C:\Program Files\EWSoftware\Sandcastle Help File Builder\PresentationStyles\VS2013\icons\protoperator.gif -&gt; D:\Dobrin\TELERIK\07.HighQualityCode\15.Development Tools\15.Development Tools_HW\Task1UsingSandCastle\Help\Working\Output\HtmlHelp1\icons\protoperator.gif
C:\Program Files\EWSoftware\Sandcastle Help File Builder\PresentationStyles\VS2013\icons\protproperty.gif -&gt; D:\Dobrin\TELERIK\07.HighQualityCode\15.Development Tools\15.Development Tools_HW\Task1UsingSandCastle\Help\Working\Output\HtmlHelp1\icons\protproperty.gif
C:\Program Files\EWSoftware\Sandcastle Help File Builder\PresentationStyles\VS2013\icons\protstructure.gif -&gt; D:\Dobrin\TELERIK\07.HighQualityCode\15.Development Tools\15.Development Tools_HW\Task1UsingSandCastle\Help\Working\Output\HtmlHelp1\icons\protstructure.gif
C:\Program Files\EWSoftware\Sandcastle Help File Builder\PresentationStyles\VS2013\icons\pubclass.gif -&gt; D:\Dobrin\TELERIK\07.HighQualityCode\15.Development Tools\15.Development Tools_HW\Task1UsingSandCastle\Help\Working\Output\HtmlHelp1\icons\pubclass.gif
C:\Program Files\EWSoftware\Sandcastle Help File Builder\PresentationStyles\VS2013\icons\pubdelegate.gif -&gt; D:\Dobrin\TELERIK\07.HighQualityCode\15.Development Tools\15.Development Tools_HW\Task1UsingSandCastle\Help\Working\Output\HtmlHelp1\icons\pubdelegate.gif
C:\Program Files\EWSoftware\Sandcastle Help File Builder\PresentationStyles\VS2013\icons\pubenumeration.gif -&gt; D:\Dobrin\TELERIK\07.HighQualityCode\15.Development Tools\15.Development Tools_HW\Task1UsingSandCastle\Help\Working\Output\HtmlHelp1\icons\pubenumeration.gif
C:\Program Files\EWSoftware\Sandcastle Help File Builder\PresentationStyles\VS2013\icons\pubevent.gif -&gt; D:\Dobrin\TELERIK\07.HighQualityCode\15.Development Tools\15.Development Tools_HW\Task1UsingSandCastle\Help\Working\Output\HtmlHelp1\icons\pubevent.gif
C:\Program Files\EWSoftware\Sandcastle Help File Builder\PresentationStyles\VS2013\icons\pubextension.gif -&gt; D:\Dobrin\TELERIK\07.HighQualityCode\15.Development Tools\15.Development Tools_HW\Task1UsingSandCastle\Help\Working\Output\HtmlHelp1\icons\pubextension.gif
C:\Program Files\EWSoftware\Sandcastle Help File Builder\PresentationStyles\VS2013\icons\pubfield.gif -&gt; D:\Dobrin\TELERIK\07.HighQualityCode\15.Development Tools\15.Development Tools_HW\Task1UsingSandCastle\Help\Working\Output\HtmlHelp1\icons\pubfield.gif
C:\Program Files\EWSoftware\Sandcastle Help File Builder\PresentationStyles\VS2013\icons\pubinterface.gif -&gt; D:\Dobrin\TELERIK\07.HighQualityCode\15.Development Tools\15.Development Tools_HW\Task1UsingSandCastle\Help\Working\Output\HtmlHelp1\icons\pubinterface.gif
C:\Program Files\EWSoftware\Sandcastle Help File Builder\PresentationStyles\VS2013\icons\pubmethod.gif -&gt; D:\Dobrin\TELERIK\07.HighQualityCode\15.Development Tools\15.Development Tools_HW\Task1UsingSandCastle\Help\Working\Output\HtmlHelp1\icons\pubmethod.gif
C:\Program Files\EWSoftware\Sandcastle Help File Builder\PresentationStyles\VS2013\icons\puboperator.gif -&gt; D:\Dobrin\TELERIK\07.HighQualityCode\15.Development Tools\15.Development Tools_HW\Task1UsingSandCastle\Help\Working\Output\HtmlHelp1\icons\puboperator.gif
C:\Program Files\EWSoftware\Sandcastle Help File Builder\PresentationStyles\VS2013\icons\pubproperty.gif -&gt; D:\Dobrin\TELERIK\07.HighQualityCode\15.Development Tools\15.Development Tools_HW\Task1UsingSandCastle\Help\Working\Output\HtmlHelp1\icons\pubproperty.gif
C:\Program Files\EWSoftware\Sandcastle Help File Builder\PresentationStyles\VS2013\icons\pubstructure.gif -&gt; D:\Dobrin\TELERIK\07.HighQualityCode\15.Development Tools\15.Development Tools_HW\Task1UsingSandCastle\Help\Working\Output\HtmlHelp1\icons\pubstructure.gif
C:\Program Files\EWSoftware\Sandcastle Help File Builder\PresentationStyles\VS2013\icons\SectionCollapsed.png -&gt; D:\Dobrin\TELERIK\07.HighQualityCode\15.Development Tools\15.Development Tools_HW\Task1UsingSandCastle\Help\Working\Output\HtmlHelp1\icons\SectionCollapsed.png
C:\Program Files\EWSoftware\Sandcastle Help File Builder\PresentationStyles\VS2013\icons\SectionExpanded.png -&gt; D:\Dobrin\TELERIK\07.HighQualityCode\15.Development Tools\15.Development Tools_HW\Task1UsingSandCastle\Help\Working\Output\HtmlHelp1\icons\SectionExpanded.png
C:\Program Files\EWSoftware\Sandcastle Help File Builder\PresentationStyles\VS2013\icons\slMobile.gif -&gt; D:\Dobrin\TELERIK\07.HighQualityCode\15.Development Tools\15.Development Tools_HW\Task1UsingSandCastle\Help\Working\Output\HtmlHelp1\icons\slMobile.gif
C:\Program Files\EWSoftware\Sandcastle Help File Builder\PresentationStyles\VS2013\icons\static.gif -&gt; D:\Dobrin\TELERIK\07.HighQualityCode\15.Development Tools\15.Development Tools_HW\Task1UsingSandCastle\Help\Working\Output\HtmlHelp1\icons\static.gif
C:\Program Files\EWSoftware\Sandcastle Help File Builder\PresentationStyles\VS2013\icons\xna.gif -&gt; D:\Dobrin\TELERIK\07.HighQualityCode\15.Development Tools\15.Development Tools_HW\Task1UsingSandCastle\Help\Working\Output\HtmlHelp1\icons\xna.gif
C:\Program Files\EWSoftware\Sandcastle Help File Builder\PresentationStyles\VS2013\scripts\branding.js -&gt; D:\Dobrin\TELERIK\07.HighQualityCode\15.Development Tools\15.Development Tools_HW\Task1UsingSandCastle\Help\Working\Output\HtmlHelp1\scripts\branding.js
C:\Program Files\EWSoftware\Sandcastle Help File Builder\PresentationStyles\VS2013\styles\branding-cs-CZ.css -&gt; D:\Dobrin\TELERIK\07.HighQualityCode\15.Development Tools\15.Development Tools_HW\Task1UsingSandCastle\Help\Working\Output\HtmlHelp1\styles\branding-cs-CZ.css
C:\Program Files\EWSoftware\Sandcastle Help File Builder\PresentationStyles\VS2013\styles\branding-de-DE.css -&gt; D:\Dobrin\TELERIK\07.HighQualityCode\15.Development Tools\15.Development Tools_HW\Task1UsingSandCastle\Help\Working\Output\HtmlHelp1\styles\branding-de-DE.css
C:\Program Files\EWSoftware\Sandcastle Help File Builder\PresentationStyles\VS2013\styles\branding-en-US.css -&gt; D:\Dobrin\TELERIK\07.HighQualityCode\15.Development Tools\15.Development Tools_HW\Task1UsingSandCastle\Help\Working\Output\HtmlHelp1\styles\branding-en-US.css
C:\Program Files\EWSoftware\Sandcastle Help File Builder\PresentationStyles\VS2013\styles\branding-es-ES.css -&gt; D:\Dobrin\TELERIK\07.HighQualityCode\15.Development Tools\15.Development Tools_HW\Task1UsingSandCastle\Help\Working\Output\HtmlHelp1\styles\branding-es-ES.css
C:\Program Files\EWSoftware\Sandcastle Help File Builder\PresentationStyles\VS2013\styles\branding-fr-FR.css -&gt; D:\Dobrin\TELERIK\07.HighQualityCode\15.Development Tools\15.Development Tools_HW\Task1UsingSandCastle\Help\Working\Output\HtmlHelp1\styles\branding-fr-FR.css
C:\Program Files\EWSoftware\Sandcastle Help File Builder\PresentationStyles\VS2013\styles\branding-Help1.css -&gt; D:\Dobrin\TELERIK\07.HighQualityCode\15.Development Tools\15.Development Tools_HW\Task1UsingSandCastle\Help\Working\Output\HtmlHelp1\styles\branding-Help1.css
C:\Program Files\EWSoftware\Sandcastle Help File Builder\PresentationStyles\VS2013\styles\branding-Help2.css -&gt; D:\Dobrin\TELERIK\07.HighQualityCode\15.Development Tools\15.Development Tools_HW\Task1UsingSandCastle\Help\Working\Output\HtmlHelp1\styles\branding-Help2.css
C:\Program Files\EWSoftware\Sandcastle Help File Builder\PresentationStyles\VS2013\styles\branding-HelpViewer.css -&gt; D:\Dobrin\TELERIK\07.HighQualityCode\15.Development Tools\15.Development Tools_HW\Task1UsingSandCastle\Help\Working\Output\HtmlHelp1\styles\branding-HelpViewer.css
C:\Program Files\EWSoftware\Sandcastle Help File Builder\PresentationStyles\VS2013\styles\branding-it-IT.css -&gt; D:\Dobrin\TELERIK\07.HighQualityCode\15.Development Tools\15.Development Tools_HW\Task1UsingSandCastle\Help\Working\Output\HtmlHelp1\styles\branding-it-IT.css
C:\Program Files\EWSoftware\Sandcastle Help File Builder\PresentationStyles\VS2013\styles\branding-ja-JP.css -&gt; D:\Dobrin\TELERIK\07.HighQualityCode\15.Development Tools\15.Development Tools_HW\Task1UsingSandCastle\Help\Working\Output\HtmlHelp1\styles\branding-ja-JP.css
C:\Program Files\EWSoftware\Sandcastle Help File Builder\PresentationStyles\VS2013\styles\branding-ko-KR.css -&gt; D:\Dobrin\TELERIK\07.HighQualityCode\15.Development Tools\15.Development Tools_HW\Task1UsingSandCastle\Help\Working\Output\HtmlHelp1\styles\branding-ko-KR.css
C:\Program Files\EWSoftware\Sandcastle Help File Builder\PresentationStyles\VS2013\styles\branding-pl-PL.css -&gt; D:\Dobrin\TELERIK\07.HighQualityCode\15.Development Tools\15.Development Tools_HW\Task1UsingSandCastle\Help\Working\Output\HtmlHelp1\styles\branding-pl-PL.css
C:\Program Files\EWSoftware\Sandcastle Help File Builder\PresentationStyles\VS2013\styles\branding-pt-BR.css -&gt; D:\Dobrin\TELERIK\07.HighQualityCode\15.Development Tools\15.Development Tools_HW\Task1UsingSandCastle\Help\Working\Output\HtmlHelp1\styles\branding-pt-BR.css
C:\Program Files\EWSoftware\Sandcastle Help File Builder\PresentationStyles\VS2013\styles\branding-ru-RU.css -&gt; D:\Dobrin\TELERIK\07.HighQualityCode\15.Development Tools\15.Development Tools_HW\Task1UsingSandCastle\Help\Working\Output\HtmlHelp1\styles\branding-ru-RU.css
C:\Program Files\EWSoftware\Sandcastle Help File Builder\PresentationStyles\VS2013\styles\branding-tr-TR.css -&gt; D:\Dobrin\TELERIK\07.HighQualityCode\15.Development Tools\15.Development Tools_HW\Task1UsingSandCastle\Help\Working\Output\HtmlHelp1\styles\branding-tr-TR.css
C:\Program Files\EWSoftware\Sandcastle Help File Builder\PresentationStyles\VS2013\styles\branding-Website.css -&gt; D:\Dobrin\TELERIK\07.HighQualityCode\15.Development Tools\15.Development Tools_HW\Task1UsingSandCastle\Help\Working\Output\HtmlHelp1\styles\branding-Website.css
C:\Program Files\EWSoftware\Sandcastle Help File Builder\PresentationStyles\VS2013\styles\branding-zh-CN.css -&gt; D:\Dobrin\TELERIK\07.HighQualityCode\15.Development Tools\15.Development Tools_HW\Task1UsingSandCastle\Help\Working\Output\HtmlHelp1\styles\branding-zh-CN.css
C:\Program Files\EWSoftware\Sandcastle Help File Builder\PresentationStyles\VS2013\styles\branding-zh-TW.css -&gt; D:\Dobrin\TELERIK\07.HighQualityCode\15.Development Tools\15.Development Tools_HW\Task1UsingSandCastle\Help\Working\Output\HtmlHelp1\styles\branding-zh-TW.css
C:\Program Files\EWSoftware\Sandcastle Help File Builder\PresentationStyles\VS2013\styles\branding.css -&gt; D:\Dobrin\TELERIK\07.HighQualityCode\15.Development Tools\15.Development Tools_HW\Task1UsingSandCastle\Help\Working\Output\HtmlHelp1\styles\branding.css
C:\Program Files\EWSoftware\Sandcastle Help File Builder\PresentationStyles\VS2013\icons\AlertCaution.png -&gt; D:\Dobrin\TELERIK\07.HighQualityCode\15.Development Tools\15.Development Tools_HW\Task1UsingSandCastle\Help\Working\Output\Website\icons\AlertCaution.png
C:\Program Files\EWSoftware\Sandcastle Help File Builder\PresentationStyles\VS2013\icons\AlertNote.png -&gt; D:\Dobrin\TELERIK\07.HighQualityCode\15.Development Tools\15.Development Tools_HW\Task1UsingSandCastle\Help\Working\Output\Website\icons\AlertNote.png
C:\Program Files\EWSoftware\Sandcastle Help File Builder\PresentationStyles\VS2013\icons\AlertSecurity.png -&gt; D:\Dobrin\TELERIK\07.HighQualityCode\15.Development Tools\15.Development Tools_HW\Task1UsingSandCastle\Help\Working\Output\Website\icons\AlertSecurity.png
C:\Program Files\EWSoftware\Sandcastle Help File Builder\PresentationStyles\VS2013\icons\CFW.gif -&gt; D:\Dobrin\TELERIK\07.HighQualityCode\15.Development Tools\15.Development Tools_HW\Task1UsingSandCastle\Help\Working\Output\Website\icons\CFW.gif
C:\Program Files\EWSoftware\Sandcastle Help File Builder\PresentationStyles\VS2013\icons\CodeExample.png -&gt; D:\Dobrin\TELERIK\07.HighQualityCode\15.Development Tools\15.Development Tools_HW\Task1UsingSandCastle\Help\Working\Output\Website\icons\CodeExample.png
C:\Program Files\EWSoftware\Sandcastle Help File Builder\PresentationStyles\VS2013\icons\favicon.ico -&gt; D:\Dobrin\TELERIK\07.HighQualityCode\15.Development Tools\15.Development Tools_HW\Task1UsingSandCastle\Help\Working\Output\Website\icons\favicon.ico
C:\Program Files\EWSoftware\Sandcastle Help File Builder\PresentationStyles\VS2013\icons\privclass.gif -&gt; D:\Dobrin\TELERIK\07.HighQualityCode\15.Development Tools\15.Development Tools_HW\Task1UsingSandCastle\Help\Working\Output\Website\icons\privclass.gif
C:\Program Files\EWSoftware\Sandcastle Help File Builder\PresentationStyles\VS2013\icons\privdelegate.gif -&gt; D:\Dobrin\TELERIK\07.HighQualityCode\15.Development Tools\15.Development Tools_HW\Task1UsingSandCastle\Help\Working\Output\Website\icons\privdelegate.gif
C:\Program Files\EWSoftware\Sandcastle Help File Builder\PresentationStyles\VS2013\icons\privenumeration.gif -&gt; D:\Dobrin\TELERIK\07.HighQualityCode\15.Development Tools\15.Development Tools_HW\Task1UsingSandCastle\Help\Working\Output\Website\icons\privenumeration.gif
C:\Program Files\EWSoftware\Sandcastle Help File Builder\PresentationStyles\VS2013\icons\privevent.gif -&gt; D:\Dobrin\TELERIK\07.HighQualityCode\15.Development Tools\15.Development Tools_HW\Task1UsingSandCastle\Help\Working\Output\Website\icons\privevent.gif
C:\Program Files\EWSoftware\Sandcastle Help File Builder\PresentationStyles\VS2013\icons\privextension.gif -&gt; D:\Dobrin\TELERIK\07.HighQualityCode\15.Development Tools\15.Development Tools_HW\Task1UsingSandCastle\Help\Working\Output\Website\icons\privextension.gif
C:\Program Files\EWSoftware\Sandcastle Help File Builder\PresentationStyles\VS2013\icons\privfield.gif -&gt; D:\Dobrin\TELERIK\07.HighQualityCode\15.Development Tools\15.Development Tools_HW\Task1UsingSandCastle\Help\Working\Output\Website\icons\privfield.gif
C:\Program Files\EWSoftware\Sandcastle Help File Builder\PresentationStyles\VS2013\icons\privinterface.gif -&gt; D:\Dobrin\TELERIK\07.HighQualityCode\15.Development Tools\15.Development Tools_HW\Task1UsingSandCastle\Help\Working\Output\Website\icons\privinterface.gif
C:\Program Files\EWSoftware\Sandcastle Help File Builder\PresentationStyles\VS2013\icons\privmethod.gif -&gt; D:\Dobrin\TELERIK\07.HighQualityCode\15.Development Tools\15.Development Tools_HW\Task1UsingSandCastle\Help\Working\Output\Website\icons\privmethod.gif
C:\Program Files\EWSoftware\Sandcastle Help File Builder\PresentationStyles\VS2013\icons\privproperty.gif -&gt; D:\Dobrin\TELERIK\07.HighQualityCode\15.Development Tools\15.Development Tools_HW\Task1UsingSandCastle\Help\Working\Output\Website\icons\privproperty.gif
C:\Program Files\EWSoftware\Sandcastle Help File Builder\PresentationStyles\VS2013\icons\privstructure.gif -&gt; D:\Dobrin\TELERIK\07.HighQualityCode\15.Development Tools\15.Development Tools_HW\Task1UsingSandCastle\Help\Working\Output\Website\icons\privstructure.gif
C:\Program Files\EWSoftware\Sandcastle Help File Builder\PresentationStyles\VS2013\icons\protclass.gif -&gt; D:\Dobrin\TELERIK\07.HighQualityCode\15.Development Tools\15.Development Tools_HW\Task1UsingSandCastle\Help\Working\Output\Website\icons\protclass.gif
C:\Program Files\EWSoftware\Sandcastle Help File Builder\PresentationStyles\VS2013\icons\protdelegate.gif -&gt; D:\Dobrin\TELERIK\07.HighQualityCode\15.Development Tools\15.Development Tools_HW\Task1UsingSandCastle\Help\Working\Output\Website\icons\protdelegate.gif
C:\Program Files\EWSoftware\Sandcastle Help File Builder\PresentationStyles\VS2013\icons\protenumeration.gif -&gt; D:\Dobrin\TELERIK\07.HighQualityCode\15.Development Tools\15.Development Tools_HW\Task1UsingSandCastle\Help\Working\Output\Website\icons\protenumeration.gif
C:\Program Files\EWSoftware\Sandcastle Help File Builder\PresentationStyles\VS2013\icons\protevent.gif -&gt; D:\Dobrin\TELERIK\07.HighQualityCode\15.Development Tools\15.Development Tools_HW\Task1UsingSandCastle\Help\Working\Output\Website\icons\protevent.gif
C:\Program Files\EWSoftware\Sandcastle Help File Builder\PresentationStyles\VS2013\icons\protextension.gif -&gt; D:\Dobrin\TELERIK\07.HighQualityCode\15.Development Tools\15.Development Tools_HW\Task1UsingSandCastle\Help\Working\Output\Website\icons\protextension.gif
C:\Program Files\EWSoftware\Sandcastle Help File Builder\PresentationStyles\VS2013\icons\protfield.gif -&gt; D:\Dobrin\TELERIK\07.HighQualityCode\15.Development Tools\15.Development Tools_HW\Task1UsingSandCastle\Help\Working\Output\Website\icons\protfield.gif
C:\Program Files\EWSoftware\Sandcastle Help File Builder\PresentationStyles\VS2013\icons\protinterface.gif -&gt; D:\Dobrin\TELERIK\07.HighQualityCode\15.Development Tools\15.Development Tools_HW\Task1UsingSandCastle\Help\Working\Output\Website\icons\protinterface.gif
C:\Program Files\EWSoftware\Sandcastle Help File Builder\PresentationStyles\VS2013\icons\protmethod.gif -&gt; D:\Dobrin\TELERIK\07.HighQualityCode\15.Development Tools\15.Development Tools_HW\Task1UsingSandCastle\Help\Working\Output\Website\icons\protmethod.gif
C:\Program Files\EWSoftware\Sandcastle Help File Builder\PresentationStyles\VS2013\icons\protoperator.gif -&gt; D:\Dobrin\TELERIK\07.HighQualityCode\15.Development Tools\15.Development Tools_HW\Task1UsingSandCastle\Help\Working\Output\Website\icons\protoperator.gif
C:\Program Files\EWSoftware\Sandcastle Help File Builder\PresentationStyles\VS2013\icons\protproperty.gif -&gt; D:\Dobrin\TELERIK\07.HighQualityCode\15.Development Tools\15.Development Tools_HW\Task1UsingSandCastle\Help\Working\Output\Website\icons\protproperty.gif
C:\Program Files\EWSoftware\Sandcastle Help File Builder\PresentationStyles\VS2013\icons\protstructure.gif -&gt; D:\Dobrin\TELERIK\07.HighQualityCode\15.Development Tools\15.Development Tools_HW\Task1UsingSandCastle\Help\Working\Output\Website\icons\protstructure.gif
C:\Program Files\EWSoftware\Sandcastle Help File Builder\PresentationStyles\VS2013\icons\pubclass.gif -&gt; D:\Dobrin\TELERIK\07.HighQualityCode\15.Development Tools\15.Development Tools_HW\Task1UsingSandCastle\Help\Working\Output\Website\icons\pubclass.gif
C:\Program Files\EWSoftware\Sandcastle Help File Builder\PresentationStyles\VS2013\icons\pubdelegate.gif -&gt; D:\Dobrin\TELERIK\07.HighQualityCode\15.Development Tools\15.Development Tools_HW\Task1UsingSandCastle\Help\Working\Output\Website\icons\pubdelegate.gif
C:\Program Files\EWSoftware\Sandcastle Help File Builder\PresentationStyles\VS2013\icons\pubenumeration.gif -&gt; D:\Dobrin\TELERIK\07.HighQualityCode\15.Development Tools\15.Development Tools_HW\Task1UsingSandCastle\Help\Working\Output\Website\icons\pubenumeration.gif
C:\Program Files\EWSoftware\Sandcastle Help File Builder\PresentationStyles\VS2013\icons\pubevent.gif -&gt; D:\Dobrin\TELERIK\07.HighQualityCode\15.Development Tools\15.Development Tools_HW\Task1UsingSandCastle\Help\Working\Output\Website\icons\pubevent.gif
C:\Program Files\EWSoftware\Sandcastle Help File Builder\PresentationStyles\VS2013\icons\pubextension.gif -&gt; D:\Dobrin\TELERIK\07.HighQualityCode\15.Development Tools\15.Development Tools_HW\Task1UsingSandCastle\Help\Working\Output\Website\icons\pubextension.gif
C:\Program Files\EWSoftware\Sandcastle Help File Builder\PresentationStyles\VS2013\icons\pubfield.gif -&gt; D:\Dobrin\TELERIK\07.HighQualityCode\15.Development Tools\15.Development Tools_HW\Task1UsingSandCastle\Help\Working\Output\Website\icons\pubfield.gif
C:\Program Files\EWSoftware\Sandcastle Help File Builder\PresentationStyles\VS2013\icons\pubinterface.gif -&gt; D:\Dobrin\TELERIK\07.HighQualityCode\15.Development Tools\15.Development Tools_HW\Task1UsingSandCastle\Help\Working\Output\Website\icons\pubinterface.gif
C:\Program Files\EWSoftware\Sandcastle Help File Builder\PresentationStyles\VS2013\icons\pubmethod.gif -&gt; D:\Dobrin\TELERIK\07.HighQualityCode\15.Development Tools\15.Development Tools_HW\Task1UsingSandCastle\Help\Working\Output\Website\icons\pubmethod.gif
C:\Program Files\EWSoftware\Sandcastle Help File Builder\PresentationStyles\VS2013\icons\puboperator.gif -&gt; D:\Dobrin\TELERIK\07.HighQualityCode\15.Development Tools\15.Development Tools_HW\Task1UsingSandCastle\Help\Working\Output\Website\icons\puboperator.gif
C:\Program Files\EWSoftware\Sandcastle Help File Builder\PresentationStyles\VS2013\icons\pubproperty.gif -&gt; D:\Dobrin\TELERIK\07.HighQualityCode\15.Development Tools\15.Development Tools_HW\Task1UsingSandCastle\Help\Working\Output\Website\icons\pubproperty.gif
C:\Program Files\EWSoftware\Sandcastle Help File Builder\PresentationStyles\VS2013\icons\pubstructure.gif -&gt; D:\Dobrin\TELERIK\07.HighQualityCode\15.Development Tools\15.Development Tools_HW\Task1UsingSandCastle\Help\Working\Output\Website\icons\pubstructure.gif
C:\Program Files\EWSoftware\Sandcastle Help File Builder\PresentationStyles\VS2013\icons\SectionCollapsed.png -&gt; D:\Dobrin\TELERIK\07.HighQualityCode\15.Development Tools\15.Development Tools_HW\Task1UsingSandCastle\Help\Working\Output\Website\icons\SectionCollapsed.png
C:\Program Files\EWSoftware\Sandcastle Help File Builder\PresentationStyles\VS2013\icons\SectionExpanded.png -&gt; D:\Dobrin\TELERIK\07.HighQualityCode\15.Development Tools\15.Development Tools_HW\Task1UsingSandCastle\Help\Working\Output\Website\icons\SectionExpanded.png
C:\Program Files\EWSoftware\Sandcastle Help File Builder\PresentationStyles\VS2013\icons\slMobile.gif -&gt; D:\Dobrin\TELERIK\07.HighQualityCode\15.Development Tools\15.Development Tools_HW\Task1UsingSandCastle\Help\Working\Output\Website\icons\slMobile.gif
C:\Program Files\EWSoftware\Sandcastle Help File Builder\PresentationStyles\VS2013\icons\static.gif -&gt; D:\Dobrin\TELERIK\07.HighQualityCode\15.Development Tools\15.Development Tools_HW\Task1UsingSandCastle\Help\Working\Output\Website\icons\static.gif
C:\Program Files\EWSoftware\Sandcastle Help File Builder\PresentationStyles\VS2013\icons\xna.gif -&gt; D:\Dobrin\TELERIK\07.HighQualityCode\15.Development Tools\15.Development Tools_HW\Task1UsingSandCastle\Help\Working\Output\Website\icons\xna.gif
C:\Program Files\EWSoftware\Sandcastle Help File Builder\PresentationStyles\VS2013\scripts\branding.js -&gt; D:\Dobrin\TELERIK\07.HighQualityCode\15.Development Tools\15.Development Tools_HW\Task1UsingSandCastle\Help\Working\Output\Website\scripts\branding.js
C:\Program Files\EWSoftware\Sandcastle Help File Builder\PresentationStyles\VS2013\styles\branding-cs-CZ.css -&gt; D:\Dobrin\TELERIK\07.HighQualityCode\15.Development Tools\15.Development Tools_HW\Task1UsingSandCastle\Help\Working\Output\Website\styles\branding-cs-CZ.css
C:\Program Files\EWSoftware\Sandcastle Help File Builder\PresentationStyles\VS2013\styles\branding-de-DE.css -&gt; D:\Dobrin\TELERIK\07.HighQualityCode\15.Development Tools\15.Development Tools_HW\Task1UsingSandCastle\Help\Working\Output\Website\styles\branding-de-DE.css
C:\Program Files\EWSoftware\Sandcastle Help File Builder\PresentationStyles\VS2013\styles\branding-en-US.css -&gt; D:\Dobrin\TELERIK\07.HighQualityCode\15.Development Tools\15.Development Tools_HW\Task1UsingSandCastle\Help\Working\Output\Website\styles\branding-en-US.css
C:\Program Files\EWSoftware\Sandcastle Help File Builder\PresentationStyles\VS2013\styles\branding-es-ES.css -&gt; D:\Dobrin\TELERIK\07.HighQualityCode\15.Development Tools\15.Development Tools_HW\Task1UsingSandCastle\Help\Working\Output\Website\styles\branding-es-ES.css
C:\Program Files\EWSoftware\Sandcastle Help File Builder\PresentationStyles\VS2013\styles\branding-fr-FR.css -&gt; D:\Dobrin\TELERIK\07.HighQualityCode\15.Development Tools\15.Development Tools_HW\Task1UsingSandCastle\Help\Working\Output\Website\styles\branding-fr-FR.css
C:\Program Files\EWSoftware\Sandcastle Help File Builder\PresentationStyles\VS2013\styles\branding-Help1.css -&gt; D:\Dobrin\TELERIK\07.HighQualityCode\15.Development Tools\15.Development Tools_HW\Task1UsingSandCastle\Help\Working\Output\Website\styles\branding-Help1.css
C:\Program Files\EWSoftware\Sandcastle Help File Builder\PresentationStyles\VS2013\styles\branding-Help2.css -&gt; D:\Dobrin\TELERIK\07.HighQualityCode\15.Development Tools\15.Development Tools_HW\Task1UsingSandCastle\Help\Working\Output\Website\styles\branding-Help2.css
C:\Program Files\EWSoftware\Sandcastle Help File Builder\PresentationStyles\VS2013\styles\branding-HelpViewer.css -&gt; D:\Dobrin\TELERIK\07.HighQualityCode\15.Development Tools\15.Development Tools_HW\Task1UsingSandCastle\Help\Working\Output\Website\styles\branding-HelpViewer.css
C:\Program Files\EWSoftware\Sandcastle Help File Builder\PresentationStyles\VS2013\styles\branding-it-IT.css -&gt; D:\Dobrin\TELERIK\07.HighQualityCode\15.Development Tools\15.Development Tools_HW\Task1UsingSandCastle\Help\Working\Output\Website\styles\branding-it-IT.css
C:\Program Files\EWSoftware\Sandcastle Help File Builder\PresentationStyles\VS2013\styles\branding-ja-JP.css -&gt; D:\Dobrin\TELERIK\07.HighQualityCode\15.Development Tools\15.Development Tools_HW\Task1UsingSandCastle\Help\Working\Output\Website\styles\branding-ja-JP.css
C:\Program Files\EWSoftware\Sandcastle Help File Builder\PresentationStyles\VS2013\styles\branding-ko-KR.css -&gt; D:\Dobrin\TELERIK\07.HighQualityCode\15.Development Tools\15.Development Tools_HW\Task1UsingSandCastle\Help\Working\Output\Website\styles\branding-ko-KR.css
C:\Program Files\EWSoftware\Sandcastle Help File Builder\PresentationStyles\VS2013\styles\branding-pl-PL.css -&gt; D:\Dobrin\TELERIK\07.HighQualityCode\15.Development Tools\15.Development Tools_HW\Task1UsingSandCastle\Help\Working\Output\Website\styles\branding-pl-PL.css
C:\Program Files\EWSoftware\Sandcastle Help File Builder\PresentationStyles\VS2013\styles\branding-pt-BR.css -&gt; D:\Dobrin\TELERIK\07.HighQualityCode\15.Development Tools\15.Development Tools_HW\Task1UsingSandCastle\Help\Working\Output\Website\styles\branding-pt-BR.css
C:\Program Files\EWSoftware\Sandcastle Help File Builder\PresentationStyles\VS2013\styles\branding-ru-RU.css -&gt; D:\Dobrin\TELERIK\07.HighQualityCode\15.Development Tools\15.Development Tools_HW\Task1UsingSandCastle\Help\Working\Output\Website\styles\branding-ru-RU.css
C:\Program Files\EWSoftware\Sandcastle Help File Builder\PresentationStyles\VS2013\styles\branding-tr-TR.css -&gt; D:\Dobrin\TELERIK\07.HighQualityCode\15.Development Tools\15.Development Tools_HW\Task1UsingSandCastle\Help\Working\Output\Website\styles\branding-tr-TR.css
C:\Program Files\EWSoftware\Sandcastle Help File Builder\PresentationStyles\VS2013\styles\branding-Website.css -&gt; D:\Dobrin\TELERIK\07.HighQualityCode\15.Development Tools\15.Development Tools_HW\Task1UsingSandCastle\Help\Working\Output\Website\styles\branding-Website.css
C:\Program Files\EWSoftware\Sandcastle Help File Builder\PresentationStyles\VS2013\styles\branding-zh-CN.css -&gt; D:\Dobrin\TELERIK\07.HighQualityCode\15.Development Tools\15.Development Tools_HW\Task1UsingSandCastle\Help\Working\Output\Website\styles\branding-zh-CN.css
C:\Program Files\EWSoftware\Sandcastle Help File Builder\PresentationStyles\VS2013\styles\branding-zh-TW.css -&gt; D:\Dobrin\TELERIK\07.HighQualityCode\15.Development Tools\15.Development Tools_HW\Task1UsingSandCastle\Help\Working\Output\Website\styles\branding-zh-TW.css
C:\Program Files\EWSoftware\Sandcastle Help File Builder\PresentationStyles\VS2013\styles\branding.css -&gt; D:\Dobrin\TELERIK\07.HighQualityCode\15.Development Tools\15.Development Tools_HW\Task1UsingSandCastle\Help\Working\Output\Website\styles\branding.css
C:\Program Files\EWSoftware\Sandcastle Help File Builder\PresentationStyles\VS2013\Web\index.html -&gt; D:\Dobrin\TELERIK\07.HighQualityCode\15.Development Tools\15.Development Tools_HW\Task1UsingSandCastle\Help\Working\Output\Website\index.html
C:\Program Files\EWSoftware\Sandcastle Help File Builder\PresentationStyles\VS2013\Web\search.html -&gt; D:\Dobrin\TELERIK\07.HighQualityCode\15.Development Tools\15.Development Tools_HW\Task1UsingSandCastle\Help\Working\Output\Website\search.html
C:\Program Files\EWSoftware\Sandcastle Help File Builder\PresentationStyles\VS2013\Web\SearchHelp.aspx -&gt; D:\Dobrin\TELERIK\07.HighQualityCode\15.Development Tools\15.Development Tools_HW\Task1UsingSandCastle\Help\Working\Output\Website\SearchHelp.aspx
C:\Program Files\EWSoftware\Sandcastle Help File Builder\PresentationStyles\VS2013\Web\SearchHelp.inc.php -&gt; D:\Dobrin\TELERIK\07.HighQualityCode\15.Development Tools\15.Development Tools_HW\Task1UsingSandCastle\Help\Working\Output\Website\SearchHelp.inc.php
C:\Program Files\EWSoftware\Sandcastle Help File Builder\PresentationStyles\VS2013\Web\SearchHelp.php -&gt; D:\Dobrin\TELERIK\07.HighQualityCode\15.Development Tools\15.Development Tools_HW\Task1UsingSandCastle\Help\Working\Output\Website\SearchHelp.php
C:\Program Files\EWSoftware\Sandcastle Help File Builder\PresentationStyles\VS2013\Web\Web.Config -&gt; D:\Dobrin\TELERIK\07.HighQualityCode\15.Development Tools\15.Development Tools_HW\Task1UsingSandCastle\Help\Working\Output\Website\Web.Config
C:\Program Files\EWSoftware\Sandcastle Help File Builder\PresentationStyles\VS2013\Web\icons\Search.png -&gt; D:\Dobrin\TELERIK\07.HighQualityCode\15.Development Tools\15.Development Tools_HW\Task1UsingSandCastle\Help\Working\Output\Website\icons\Search.png
C:\Program Files\EWSoftware\Sandcastle Help File Builder\PresentationStyles\VS2013\Web\icons\TocClose.gif -&gt; D:\Dobrin\TELERIK\07.HighQualityCode\15.Development Tools\15.Development Tools_HW\Task1UsingSandCastle\Help\Working\Output\Website\icons\TocClose.gif
C:\Program Files\EWSoftware\Sandcastle Help File Builder\PresentationStyles\VS2013\Web\icons\TocCollapsed.gif -&gt; D:\Dobrin\TELERIK\07.HighQualityCode\15.Development Tools\15.Development Tools_HW\Task1UsingSandCastle\Help\Working\Output\Website\icons\TocCollapsed.gif
C:\Program Files\EWSoftware\Sandcastle Help File Builder\PresentationStyles\VS2013\Web\icons\TocExpanded.gif -&gt; D:\Dobrin\TELERIK\07.HighQualityCode\15.Development Tools\15.Development Tools_HW\Task1UsingSandCastle\Help\Working\Output\Website\icons\TocExpanded.gif
C:\Program Files\EWSoftware\Sandcastle Help File Builder\PresentationStyles\VS2013\Web\icons\TocOpen.gif -&gt; D:\Dobrin\TELERIK\07.HighQualityCode\15.Development Tools\15.Development Tools_HW\Task1UsingSandCastle\Help\Working\Output\Website\icons\TocOpen.gif
C:\Program Files\EWSoftware\Sandcastle Help File Builder\PresentationStyles\VS2013\Web\scripts\branding-Website.js -&gt; D:\Dobrin\TELERIK\07.HighQualityCode\15.Development Tools\15.Development Tools_HW\Task1UsingSandCastle\Help\Working\Output\Website\scripts\branding-Website.js
C:\Program Files\EWSoftware\Sandcastle Help File Builder\PresentationStyles\VS2013\Web\scripts\jquery-1.11.0.min.js -&gt; D:\Dobrin\TELERIK\07.HighQualityCode\15.Development Tools\15.Development Tools_HW\Task1UsingSandCastle\Help\Working\Output\Website\scripts\jquery-1.11.0.min.js
    Last step completed in 00:00:02.7813
</buildStep>
<buildStep step="GenerateHelpFormatTableOfContents">
Generating HTML Help 1 table of contents file...
    Last step completed in 00:00:00.0000
</buildStep>
<buildStep step="GenerateHelpFileIndex">
Generating HTML Help 1 index file...
    Last step completed in 00:00:00.0000
</buildStep>
<buildStep step="GenerateHelpProject">
Generating HTML Help 1 project file...
SHFB: Warning BE0060: The file path &#39;D:\Dobrin\TELERIK\07.HighQualityCode\15.Development Tools\15.Development Tools_HW\Task1UsingSandCastle\Help\Working\Output\HtmlHelp1\&#39; contains a comma or &#39;.h&#39; which may cause the Help 1 compiler to fail.
    Last step completed in 00:00:00.0156
</buildStep>
<buildStep step="CompilingHelpFile">
Compiling HTML Help 1 file...
[C:\WINDOWS\Microsoft.NET\Framework\v4.0.30319\MSBuild.exe]
  Microsoft HTML Help Compiler 4.74.8702
  
  
  
  Compiling d:\Dobrin\TELERIK\07.HighQualityCode\15.Development Tools\15.Development Tools_HW\Task1UsingSandCastle\Help\Working\Output\HtmlHelp1\Documentation.chm
  
  
  
HHC3004 : warning : AlertCaution.png : The HTML tag &quot;•YгьЇш18ҐBББ`КIEND&#174;B`‚&quot; is not a valid HTML tag (it does not begin with an alphanumeric character). [D:\Dobrin\TELERIK\07.HighQualityCode\15.Development Tools\15.Development Tools_HW\Task1UsingSandCastle\Help\Working\Build1xHelpFile.proj]
  
HHC3004 : warning : AlertNote.png : The HTML tag &quot;с+&#174;з*x™І&lt;№$9EЃ[-qWW.(ОI+6aaљ@.Вy™2Ѓ4ауМ&#160;‘...&quot; is not a valid HTML tag (it does not begin with an alphanumeric character). [D:\Dobrin\TELERIK\07.HighQualityCode\15.Development Tools\15.Development Tools_HW\Task1UsingSandCastle\Help\Working\Build1xHelpFile.proj]
  
HHC3004 : warning : AlertNote.png : The HTML tag &quot;Е5qo&lt;/ЗЫсQC]Г@CҐa•a—б„‘№С&lt;ЈХFЌFЊiЖ\г$гmЖmЖЈ&amp;&amp;!&amp;...&quot; is not a valid HTML tag (it does not begin with an alphanumeric character). [D:\Dobrin\TELERIK\07.HighQualityCode\15.Development Tools\15.Development Tools_HW\Task1UsingSandCastle\Help\Working\Build1xHelpFile.proj]
  
HHC3004 : warning : AlertNote.png : The HTML tag &quot;Ъ7є4є?Ж.fYМХXќXIlK9.*&#174;6nlѕЯьну‡вќвг{/И]pyЎОВф…...&quot; is not a valid HTML tag (it does not begin with an alphanumeric character). [D:\Dobrin\TELERIK\07.HighQualityCode\15.Development Tools\15.Development Tools_HW\Task1UsingSandCastle\Help\Working\Build1xHelpFile.proj]
  
HHC3004 : warning : AlertNote.png : The HTML tag &quot;ёјe&#167;ЙОН;?T&#164;TфTъT6оТЭ&#181;aЧшnСо{јц4мХЫ[јчэ&quot; is not a valid HTML tag (it does not begin with an alphanumeric character). [D:\Dobrin\TELERIK\07.HighQualityCode\15.Development Tools\15.Development Tools_HW\Task1UsingSandCastle\Help\Working\Build1xHelpFile.proj]
  
HHC3004 : warning : AlertNote.png : The HTML tag &quot;}4/9ёѓKx4Ь…+Хњс9Љи†&#174;ЯШ&#176;)ЂД•&#171;яУC&#160;фґquйц&#181;&#177;‚ЅЗ...&quot; is not a valid HTML tag (it does not begin with an alphanumeric character). [D:\Dobrin\TELERIK\07.HighQualityCode\15.Development Tools\15.Development Tools_HW\Task1UsingSandCastle\Help\Working\Build1xHelpFile.proj]
  
HHC3002 : warning : CFW.gif : The HTML tag &quot;T&quot; is missing a closing angle bracket. [D:\Dobrin\TELERIK\07.HighQualityCode\15.Development Tools\15.Development Tools_HW\Task1UsingSandCastle\Help\Working\Build1xHelpFile.proj]
  
HHC3002 : warning : CodeExample.png : The HTML tag &quot;G&quot; is missing a closing angle bracket. [D:\Dobrin\TELERIK\07.HighQualityCode\15.Development Tools\15.Development Tools_HW\Task1UsingSandCastle\Help\Working\Build1xHelpFile.proj]
  
HHC3004 : warning : favicon.ico : The HTML tag &quot;:::::::::^;;;s™7S;^::]]::::::+#7::::::...&quot; is not a valid HTML tag (it does not begin with an alphanumeric character). [D:\Dobrin\TELERIK\07.HighQualityCode\15.Development Tools\15.Development Tools_HW\Task1UsingSandCastle\Help\Working\Build1xHelpFile.proj]
  
HHC3004 : warning : favicon.ico : The HTML tag &quot;]::::(M:]]:-r_*&lt;:::::&quot; is not a valid HTML tag (it does not begin with an alphanumeric character). [D:\Dobrin\TELERIK\07.HighQualityCode\15.Development Tools\15.Development Tools_HW\Task1UsingSandCastle\Help\Working\Build1xHelpFile.proj]
  
HHC3004 : warning : favicon.ico : The HTML tag &quot;&#39;lQC)-}/:::X&#39;?&#39;4„dE,–e:13_?H	Ђ...&quot; is not a valid HTML tag (it does not begin with an alphanumeric character). [D:\Dobrin\TELERIK\07.HighQualityCode\15.Development Tools\15.Development Tools_HW\Task1UsingSandCastle\Help\Working\Build1xHelpFile.proj]
  
HHC3004 : warning : favicon.ico : The HTML tag &quot;Нe1Сk8Тm;Оj7ОqCфеЮяяячкгЕі&#169;сЬРьцуяяяъЫЛЯyFа|JЫvDУm...&quot; is not a valid HTML tag (it does not begin with an alphanumeric character). [D:\Dobrin\TELERIK\07.HighQualityCode\15.Development Tools\15.Development Tools_HW\Task1UsingSandCastle\Help\Working\Build1xHelpFile.proj]
  
HHC3004 : warning : favicon.ico : The HTML tag &quot;ЩВ&#182;щлгЬ–rЙ^(Мf3Мg4Мg4Йe4АY&#39;Ш&#171;•шюяъоз&quot; is not a valid HTML tag (it does not begin with an alphanumeric character). [D:\Dobrin\TELERIK\07.HighQualityCode\15.Development Tools\15.Development Tools_HW\Task1UsingSandCastle\Help\Working\Build1xHelpFile.proj]
  
HHC3004 : warning : favicon.ico : The HTML tag &quot;Пj7Мf3Мf3Мf3Нd0Гi&lt;М№&#176;ыяяъсмШ‰bК`+Нh4Оj7Лe2ОyOфпмяя...&quot; is not a valid HTML tag (it does not begin with an alphanumeric character). [D:\Dobrin\TELERIK\07.HighQualityCode\15.Development Tools\15.Development Tools_HW\Task1UsingSandCastle\Help\Working\Build1xHelpFile.proj]
  
HHC3004 : warning : favicon.ico : The HTML tag &quot;Рh4Ьvяяяяяьk^WхШИяююяюэтЈ{йЂLЯwDПxLФ&#181;&#164;пШНЮ™wЙ\Лa...&quot; is not a valid HTML tag (it does not begin with an alphanumeric character). [D:\Dobrin\TELERIK\07.HighQualityCode\15.Development Tools\15.Development Tools_HW\Task1UsingSandCastle\Help\Working\Build1xHelpFile.proj]
  
HHC3004 : warning : favicon.ico : The HTML tag &quot;яѕ_/яї`0яА`0яВa1яГb1яВj&quot; is not a valid HTML tag (it does not begin with an alphanumeric character). [D:\Dobrin\TELERIK\07.HighQualityCode\15.Development Tools\15.Development Tools_HW\Task1UsingSandCastle\Help\Working\Build1xHelpFile.proj]
  
HHC3004 : warning : favicon.ico : The HTML tag &quot;хЩЛзьфряъъъячччяфффяеКјяДd4яДc3яЗe4яЙf4яЛg5яМg5яН...&quot; is not a valid HTML tag (it does not begin with an alphanumeric character). [D:\Dobrin\TELERIK\07.HighQualityCode\15.Development Tools\15.Development Tools_HW\Task1UsingSandCastle\Help\Working\Build1xHelpFile.proj]
  
HHC3004 : warning : favicon.ico : The HTML tag &quot;яМf3яМf3яМf3яМf3яМf3яМf3яНg4яНg5яМg5яКf4яЗe3яДc2яВ...&quot; is not a valid HTML tag (it does not begin with an alphanumeric character). [D:\Dobrin\TELERIK\07.HighQualityCode\15.Development Tools\15.Development Tools_HW\Task1UsingSandCastle\Help\Working\Build1xHelpFile.proj]
  
HHC3004 : warning : favicon.ico : The HTML tag &quot;яТn&lt;яТm;яРk8яОi6яНg4яМf3яМf3яМf3яМf3яМf3яМf3яМf3яМ...&quot; is not a valid HTML tag (it does not begin with an alphanumeric character). [D:\Dobrin\TELERIK\07.HighQualityCode\15.Development Tools\15.Development Tools_HW\Task1UsingSandCastle\Help\Working\Build1xHelpFile.proj]
  
HHC3004 : warning : favicon.ico : The HTML tag &quot;яСl9яПi6яНg4яМf3яМf3яМf3яМf3яМf3яМf3яМf3яМf3яМf3я&#187;...&quot; is not a valid HTML tag (it does not begin with an alphanumeric character). [D:\Dobrin\TELERIK\07.HighQualityCode\15.Development Tools\15.Development Tools_HW\Task1UsingSandCastle\Help\Working\Build1xHelpFile.proj]
  
HHC3004 : warning : favicon.ico : The HTML tag &quot;яРk8яОh5яМf3яМf3яМf3яМf3яМf3яМf3яМf3яМf3яМf3яМf3яМ...&quot; is not a valid HTML tag (it does not begin with an alphanumeric character). [D:\Dobrin\TELERIK\07.HighQualityCode\15.Development Tools\15.Development Tools_HW\Task1UsingSandCastle\Help\Working\Build1xHelpFile.proj]
  
HHC3004 : warning : favicon.ico : The HTML tag &quot;яЧr?яШtAяЧsAяФq@яЧTяюхсяяяяяяяяяяююяшгШя‰vkБ`)пЙ...&quot; is not a valid HTML tag (it does not begin with an alphanumeric character). [D:\Dobrin\TELERIK\07.HighQualityCode\15.Development Tools\15.Development Tools_HW\Task1UsingSandCastle\Help\Working\Build1xHelpFile.proj]
  
HHC3004 : warning : favicon.ico : The HTML tag &quot;яЩЇљяАX#я№V$яХЇџячяяяфвЩяSKFИЊ&quot;џЏ†2тбЧяшяяяЗ}Xя&#187;E...&quot; is not a valid HTML tag (it does not begin with an alphanumeric character). [D:\Dobrin\TELERIK\07.HighQualityCode\15.Development Tools\15.Development Tools_HW\Task1UsingSandCastle\Help\Working\Build1xHelpFile.proj]
  
HHC3004 : warning : privclass.gif : The HTML tag &quot;і5c&#181;dvЌgwђивСрА4ђћґ^p‰ћxUhЃн&#181;dvЋOb{хб†яяя!щO,...&quot; is not a valid HTML tag (it does not begin with an alphanumeric character). [D:\Dobrin\TELERIK\07.HighQualityCode\15.Development Tools\15.Development Tools_HW\Task1UsingSandCastle\Help\Working\Build1xHelpFile.proj]
  
HHC3004 : warning : privdelegate.gif : The HTML tag &quot;ЎЪnЫH[u&#183;БТ&#166;ІЗ&#167;&#177;ЗШmЩЙРЭЫЯз&#169;EЄлоукмсђћ&#176;J^wтуц&#167;ј&#187;ГФф...&quot; is not a valid HTML tag (it does not begin with an alphanumeric character). [D:\Dobrin\TELERIK\07.HighQualityCode\15.Development Tools\15.Development Tools_HW\Task1UsingSandCastle\Help\Working\Build1xHelpFile.proj]
  
HHC3004 : warning : privdelegate.gif : The HTML tag &quot;0`@ Є|&#169;zҐIђ.фНђЗ€H&quot;?@`…О‚r@D$E&#160;8H„ЂМA...&quot; is not a valid HTML tag (it does not begin with an alphanumeric character). [D:\Dobrin\TELERIK\07.HighQualityCode\15.Development Tools\15.Development Tools_HW\Task1UsingSandCastle\Help\Working\Build1xHelpFile.proj]
  
HHC3004 : warning : privenumeration.gif : The HTML tag &quot;саЋdvЌЩїiЅЖЦкПoї&#182;&#171;cuЌ&#167;јЯёIёБТ&#171;&#183;ЛйКggwђm–зИdUhЃђћ...&quot; is not a valid HTML tag (it does not begin with an alphanumeric character). [D:\Dobrin\TELERIK\07.HighQualityCode\15.Development Tools\15.Development Tools_HW\Task1UsingSandCastle\Help\Working\Build1xHelpFile.proj]
  
HHC3004 : warning : privevent.gif : The HTML tag &quot;‡@P$&quot;58#Q&#172;DR0гB•њ(€;&quot; is not a valid HTML tag (it does not begin with an alphanumeric character). [D:\Dobrin\TELERIK\07.HighQualityCode\15.Development Tools\15.Development Tools_HW\Task1UsingSandCastle\Help\Working\Build1xHelpFile.proj]
  
HHC3004 : warning : privextension.gif : The HTML tag &quot;џг&#172;гL~бЅЖЦtҐяz+{&#167;OЁјpЅ†&#176;я@lЗфжфdvЌ]o‡СjТHxЩOc|СmТъ...&quot; is not a valid HTML tag (it does not begin with an alphanumeric character). [D:\Dobrin\TELERIK\07.HighQualityCode\15.Development Tools\15.Development Tools_HW\Task1UsingSandCastle\Help\Working\Build1xHelpFile.proj]
  
HHC3004 : warning : privinterface.gif : The HTML tag &quot;@ЌJ„!IW83&quot;,*MW&quot; is not a valid HTML tag (it does not begin with an alphanumeric character). [D:\Dobrin\TELERIK\07.HighQualityCode\15.Development Tools\15.Development Tools_HW\Task1UsingSandCastle\Help\Working\Build1xHelpFile.proj]
  
HHC3004 : warning : privmethod.gif : The HTML tag &quot;џыыьъ›ы•8–ЛgМџЄ&#187;|-}фжфТkУ0ЂугуУШЫрФрмТмђN‘z+{Oc|&#187;...&quot; is not a valid HTML tag (it does not begin with an alphanumeric character). [D:\Dobrin\TELERIK\07.HighQualityCode\15.Development Tools\15.Development Tools_HW\Task1UsingSandCastle\Help\Working\Build1xHelpFile.proj]
  
HHC3004 : warning : privmethod.gif : The HTML tag &quot;&#167;Љ+92$,-]	Nh&quot;K)8C4I	H‚GFR3#U?‚WL...&quot; is not a valid HTML tag (it does not begin with an alphanumeric character). [D:\Dobrin\TELERIK\07.HighQualityCode\15.Development Tools\15.Development Tools_HW\Task1UsingSandCastle\Help\Working\Build1xHelpFile.proj]
  
HHC3004 : warning : privproperty.gif : The HTML tag &quot;€T@`#j Тр&#167;†ѓ,DЃЃйЂ !&#176;БЉlБ4ЇP0Z$дKѓQ&quot; is not a valid HTML tag (it does not begin with an alphanumeric character). [D:\Dobrin\TELERIK\07.HighQualityCode\15.Development Tools\15.Development Tools_HW\Task1UsingSandCastle\Help\Working\Build1xHelpFile.proj]
  
HHC3004 : warning : protclass.gif : The HTML tag &quot;іЛЇuфб†И&#171;dШlЩокЮлбН&#166;…8н&#181;ћxрА4улЫхмІриЦоЫ–юх&#172;5c&#181;д...&quot; is not a valid HTML tag (it does not begin with an alphanumeric character). [D:\Dobrin\TELERIK\07.HighQualityCode\15.Development Tools\15.Development Tools_HW\Task1UsingSandCastle\Help\Working\Build1xHelpFile.proj]
  
HHC3004 : warning : protdelegate.gif : The HTML tag &quot;Ўк‹лЛМЙдзоH[uЩЮжЫЯз—Ј&#173;;OiіЅРлоу“ЎєщъыСјвK_yЯП&#174;&#169;EЄ—...&quot; is not a valid HTML tag (it does not begin with an alphanumeric character). [D:\Dobrin\TELERIK\07.HighQualityCode\15.Development Tools\15.Development Tools_HW\Task1UsingSandCastle\Help\Working\Build1xHelpFile.proj]
  
HHC3002 : warning : protdelegate.gif : The HTML tag &quot;Qk&quot; is missing a closing angle bracket. [D:\Dobrin\TELERIK\07.HighQualityCode\15.Development Tools\15.Development Tools_HW\Task1UsingSandCastle\Help\Working\Build1xHelpFile.proj]
  
HHC3004 : warning : protenumeration.gif : The HTML tag &quot;бУ&#183;лЫґеГYяяя!щZ,&#164;ЂZ‚ѓ!ѓЋ#:Ћѓ$...&quot; is not a valid HTML tag (it does not begin with an alphanumeric character). [D:\Dobrin\TELERIK\07.HighQualityCode\15.Development Tools\15.Development Tools_HW\Task1UsingSandCastle\Help\Working\Build1xHelpFile.proj]
  
HHC3002 : warning : protenumeration.gif : The HTML tag &quot;U&quot; is missing a closing angle bracket. [D:\Dobrin\TELERIK\07.HighQualityCode\15.Development Tools\15.Development Tools_HW\Task1UsingSandCastle\Help\Working\Build1xHelpFile.proj]
  
HHC3004 : warning : protevent.gif : The HTML tag &quot;‡O!97 ‡J,K‘“D;Ј‡ќL&quot;+‘’G12‚&amp;	@/$&#39;...&quot; is not a valid HTML tag (it does not begin with an alphanumeric character). [D:\Dobrin\TELERIK\07.HighQualityCode\15.Development Tools\15.Development Tools_HW\Task1UsingSandCastle\Help\Working\Build1xHelpFile.proj]
  
HHC3004 : warning : protextension.gif : The HTML tag &quot;ќоѕо]’эHxЩMдл‘мVЉуШЁћргр–R—u&#39;utҐяг&#172;гKљ*P&#160;|-}хл&#174;L...&quot; is not a valid HTML tag (it does not begin with an alphanumeric character). [D:\Dobrin\TELERIK\07.HighQualityCode\15.Development Tools\15.Development Tools_HW\Task1UsingSandCastle\Help\Working\Build1xHelpFile.proj]
  
HHC3004 : warning : protinterface.gif : The HTML tag &quot;:0H;KB6!/=,A(ћK„1?E.	K9-З&quot; is not a valid HTML tag (it does not begin with an alphanumeric character). [D:\Dobrin\TELERIK\07.HighQualityCode\15.Development Tools\15.Development Tools_HW\Task1UsingSandCastle\Help\Working\Build1xHelpFile.proj]
  
HHC3004 : warning : protmethod.gif : The HTML tag &quot;&amp;&#39;ОH‚!6†ЖХ~—иЕ}~|}„};&quot; is not a valid HTML tag (it does not begin with an alphanumeric character). [D:\Dobrin\TELERIK\07.HighQualityCode\15.Development Tools\15.Development Tools_HW\Task1UsingSandCastle\Help\Working\Build1xHelpFile.proj]
  
HHC3004 : warning : protoperator.gif : The HTML tag &quot;ѓ#м?	…‚,„ч&#167;Ѓ;&quot; is not a valid HTML tag (it does not begin with an alphanumeric character). [D:\Dobrin\TELERIK\07.HighQualityCode\15.Development Tools\15.Development Tools_HW\Task1UsingSandCastle\Help\Working\Build1xHelpFile.proj]
  
HHC3004 : warning : protproperty.gif : The HTML tag &quot;	iТЃЕ(1јшС‘&amp;&quot;x PBcI,„ЁX‰cЉ&#172;)у&#166;РD†$І...&quot; is not a valid HTML tag (it does not begin with an alphanumeric character). [D:\Dobrin\TELERIK\07.HighQualityCode\15.Development Tools\15.Development Tools_HW\Task1UsingSandCastle\Help\Working\Build1xHelpFile.proj]
  
HHC3004 : warning : protstructure.gif : The HTML tag &quot;;&quot; is not a valid HTML tag (it does not begin with an alphanumeric character). [D:\Dobrin\TELERIK\07.HighQualityCode\15.Development Tools\15.Development Tools_HW\Task1UsingSandCastle\Help\Working\Build1xHelpFile.proj]
  
HHC3002 : warning : protstructure.gif : The HTML tag &quot;x0&quot; is missing a closing angle bracket. [D:\Dobrin\TELERIK\07.HighQualityCode\15.Development Tools\15.Development Tools_HW\Task1UsingSandCastle\Help\Working\Build1xHelpFile.proj]
  
HHC3004 : warning : pubclass.gif : The HTML tag &quot;іха…фб†зрщктъсЛOо&#182;фЦkCsЙхб†пѕ/рА4йсщяяя!щ2,Ќ...&quot; is not a valid HTML tag (it does not begin with an alphanumeric character). [D:\Dobrin\TELERIK\07.HighQualityCode\15.Development Tools\15.Development Tools_HW\Task1UsingSandCastle\Help\Working\Build1xHelpFile.proj]
  
HHC3002 : warning : pubdelegate.gif : The HTML tag &quot;Qk&quot; is missing a closing angle bracket. [D:\Dobrin\TELERIK\07.HighQualityCode\15.Development Tools\15.Development Tools_HW\Task1UsingSandCastle\Help\Working\Build1xHelpFile.proj]
  
HHC3002 : warning : pubenumeration.gif : The HTML tag &quot;xz3G&quot; is missing a closing angle bracket. [D:\Dobrin\TELERIK\07.HighQualityCode\15.Development Tools\15.Development Tools_HW\Task1UsingSandCastle\Help\Working\Build1xHelpFile.proj]
  
HHC3004 : warning : pubextension.gif : The HTML tag &quot;ќјpЅТkУжзT€р|.|ъ›ыъ™ыz+{&#169;RЄжМжиСи~0&#169;PЄЌ5Ћ&#167;OЁtҐяE...&quot; is not a valid HTML tag (it does not begin with an alphanumeric character). [D:\Dobrin\TELERIK\07.HighQualityCode\15.Development Tools\15.Development Tools_HW\Task1UsingSandCastle\Help\Working\Build1xHelpFile.proj]
  
HHC3004 : warning : pubfield.gif : The HTML tag &quot;Ab$Aћ(Ѓh0 ЌAiёЏ…ЂЄІ6G)~H „vNЊNB+’—...&quot; is not a valid HTML tag (it does not begin with an alphanumeric character). [D:\Dobrin\TELERIK\07.HighQualityCode\15.Development Tools\15.Development Tools_HW\Task1UsingSandCastle\Help\Working\Build1xHelpFile.proj]
  
HHC3004 : warning : pubmethod.gif : The HTML tag &quot;ћйе&#171;тауъ&#171;ы|-}ъ™ыХoХ–R—ЭЮУnФъ›ымТм&#181;&#187;&#173;Ќ5Ћ&#164;&#174;дКдвЇвл...&quot; is not a valid HTML tag (it does not begin with an alphanumeric character). [D:\Dobrin\TELERIK\07.HighQualityCode\15.Development Tools\15.Development Tools_HW\Task1UsingSandCastle\Help\Working\Build1xHelpFile.proj]
  
HHC3004 : warning : pubproperty.gif : The HTML tag &quot;„/\@k[Ub&#173;71.!-Oq+?p*9sR6Yzd:^y)...&quot; is not a valid HTML tag (it does not begin with an alphanumeric character). [D:\Dobrin\TELERIK\07.HighQualityCode\15.Development Tools\15.Development Tools_HW\Task1UsingSandCastle\Help\Working\Build1xHelpFile.proj]
  
HHC3004 : warning : slMobile.gif : The HTML tag &quot;с&amp;Д€(ґ‰3зО€f&lt;Щp#A~ЙSўФ&#169;ђњЙФЎВЇ&amp;Љ;&quot; is not a valid HTML tag (it does not begin with an alphanumeric character). [D:\Dobrin\TELERIK\07.HighQualityCode\15.Development Tools\15.Development Tools_HW\Task1UsingSandCastle\Help\Working\Build1xHelpFile.proj]
  
HHC3002 : warning : static.gif : The HTML tag &quot;D&quot; is missing a closing angle bracket. [D:\Dobrin\TELERIK\07.HighQualityCode\15.Development Tools\15.Development Tools_HW\Task1UsingSandCastle\Help\Working\Build1xHelpFile.proj]
  
HHC3004 : warning : xna.gif : The HTML tag &quot;‡Њ…JVЌЌCF?“Њ&quot; is not a valid HTML tag (it does not begin with an alphanumeric character). [D:\Dobrin\TELERIK\07.HighQualityCode\15.Development Tools\15.Development Tools_HW\Task1UsingSandCastle\Help\Working\Build1xHelpFile.proj]
  
HHC3004 : warning : branding.js : The HTML tag &quot;= tabCount)    {        var tabTemp = document...&quot; is not a valid HTML tag (it does not begin with an alphanumeric character). [D:\Dobrin\TELERIK\07.HighQualityCode\15.Development Tools\15.Development Tools_HW\Task1UsingSandCastle\Help\Working\Build1xHelpFile.proj]
  
HHC3004 : warning : branding.js : The HTML tag &quot;= tabCount)            {                var ta...&quot; is not a valid HTML tag (it does not begin with an alphanumeric character). [D:\Dobrin\TELERIK\07.HighQualityCode\15.Development Tools\15.Development Tools_HW\Task1UsingSandCastle\Help\Working\Build1xHelpFile.proj]
  
  
  
  Compile time: 0 minutes, 2 seconds
  
  76	Topics
  
  106	Local links
  
  46	Internet links
  
  0	Graphics
  
  
  
  
  
  Created d:\Dobrin\TELERIK\07.HighQualityCode\15.Development Tools\15.Development Tools_HW\Task1UsingSandCastle\Help\Working\Output\HtmlHelp1\Documentation.chm, 75,037 bytes
  
  Compression decreased file by 90,990 bytes.
  
    Last step completed in 00:00:06.0156
</buildStep>
<buildStep step="GenerateHelpFormatTableOfContents">
Generating website table of contents file...
    Last step completed in 00:00:00.0000
</buildStep>
<buildStep step="GenerateFullTextIndex">
Generating full-text index for the website...

<plugIn name="Lightweight Website Style" behavior="After" priority="1000">
Adding lightweight search and TOC elements to each topic...
</plugIn>    Last step completed in 00:00:00.1719
</buildStep>
<buildStep step="CopyingWebsiteFiles">
Copying website files to output folder...

Copied 100 files
Copied 111 files for the website content
    Last step completed in 00:00:00.9531
</buildStep>
<buildStep step="CleanIntermediates">
Removing intermediate files...
    Last step completed in 00:00:01.0625
</buildStep>
<buildStep step="Completed">

Build completed successfully at 06.28.2014 10:20 .  Total time: 00:03:54.2813

</buildStep>
</shfbBuild>
